C51 COMPILER V9.60.0.0   LEDPROGRAM                                                        12/13/2022 09:24:37 PAGE 1   


C51 COMPILER V9.60.0.0, COMPILATION OF MODULE LEDPROGRAM
OBJECT MODULE PLACED IN .\Objects\LEDProgram.obj
COMPILER INVOKED BY: C:\Keil_v5\C51\BIN\C51.EXE LEDProgram.c OPTIMIZE(8,SPEED) BROWSE DEBUG OBJECTEXTEND PRINT(.\Listing
                    -s\LEDProgram.lst) TABS(2) OBJECT(.\Objects\LEDProgram.obj)

line level    source

   1          #include<reg51.h>
   2          void main(){
   3   1        /*
   4   1        unsigned char x, y;
   5   1        unsigned int i;
   6   1        P1 = 0x00;
   7   1        while(1){
   8   1          x = 0x01;
   9   1          for(y=0; y<8; y++){
  10   1            P1 = x;
  11   1            for(i=0; i<60000; i++);
  12   1            x = x<<1;
  13   1          }
  14   1        }
  15   1        */
  16   1      
  17   1        unsigned char x, y;
  18   1          unsigned int i;
  19   1          P1 = 0x00;
  20   1          while(1){
  21   2            x = 0x01;
  22   2            for(y=8; y>1; y--){
  23   3              P1 = x;
  24   3              for(i=0; i<60000; i++);
  25   3              x = x<<1;
  26   3            }
  27   2          }
  28   1        
  29   1      }


MODULE INFORMATION:   STATIC OVERLAYABLE
   CODE SIZE        =     58    ----
   CONSTANT SIZE    =   ----    ----
   XDATA SIZE       =   ----    ----
   PDATA SIZE       =   ----    ----
   DATA SIZE        =   ----       2
   IDATA SIZE       =   ----    ----
   BIT SIZE         =   ----    ----
END OF MODULE INFORMATION.


C51 COMPILATION COMPLETE.  0 WARNING(S),  0 ERROR(S)
